{ Using PSTWRITER 17.2.0 d001Apr-09-2019 at 09:16:55 }

#1 WARNING(ORCAP-36038): "No_connect" property on Pin "U10.B1" ignored for U10: MAIN, 07 DDR3 (63.50, 40.64). Connecting pin to net "VSSQ1".
#2 WARNING(ORCAP-36038): "No_connect" property on Pin "U10.B9" ignored for U10: MAIN, 07 DDR3 (63.50, 40.64). Connecting pin to net "VSSQ2".
#3 WARNING(ORCAP-36038): "No_connect" property on Pin "U9.A1" ignored for U9: MAIN, 06 FPGA POWER CONFIG (220.98, 33.02). Connecting pin to net "GND".
#4 WARNING(ORCAP-36006): Part Name "IND_BEAD_0805_600OHM_200MA_L3015_SWPA6045S2R2" is renamed to "IND_BEAD_0805_600OHM_200MA_L301".
#5 WARNING(ORCAP-36006): Part Name "IND_BEAD_0805_600OHM_200MA_L5020_SWPA6045S2R2" is renamed to "IND_BEAD_0805_600OHM_200MA_L502".
#6 WARNING(ORCAP-36006): Part Name "IND_BEAD_0805_600OHM_200MA_L6045_SWPA6045S2R2" is renamed to "IND_BEAD_0805_600OHM_200MA_L604".
#7 WARNING(ORCAP-36006): Part Name "IND_BEAD_0805_600OHM_200MA_L8040_SWPA6045S2R2" is renamed to "IND_BEAD_0805_600OHM_200MA_L804".
#8 WARNING(ORCAP-36006): Part Name "MT41J256M16_1_FBGA-96_MT41J256M16_2" is renamed to "MT41J256M16_1_FBGA-96_MT41J256M".
#9 WARNING(ORCAP-36006): Part Name "TPS61086_SON10-3R0X3R0X0R5-2R4X1R6_TPS61086" is renamed to "TPS61086_SON10-3R0X3R0X0R5-2R4X".
#10 WARNING(ORCAP-36006): Part Name "TLV62565DBVR_SOT23-5_TLV62565DBVR" is renamed to "TLV62565DBVR_SOT23-5_TLV62565DB".
#11 WARNING(ORCAP-36006): Part Name "MPU-9250_QFN24-4X4X0R5-2R4X2R4_MPU-9250" is renamed to "MPU-9250_QFN24-4X4X0R5-2R4X2R4_".
#12 WARNING(ORCAP-36006): Part Name "CP2102_0_QFN28-5X5X0R5-3R2X3R2_CP2102" is renamed to "CP2102_0_QFN28-5X5X0R5-3R2X3R2_".
#13 WARNING(ORCAP-36006): Part Name "AS5048A-HTSP_TSSOP14_AS5048A-HTSP" is renamed to "AS5048A-HTSP_TSSOP14_AS5048A-HT".
#14 WARNING(ORCAP-36006): Part Name "CY7C68013A_3_QFN56-8X8X0R5-5R9X5R9_CY7C68013A-56LTXC" is renamed to "CY7C68013A_3_QFN56-8X8X0R5-5R9X".
#15 WARNING(ORCAP-36042): Pin "AVCC" is renamed to "AVCC#3" as visible power pin of same name already exists in Package CY7C68013A_3 , U6: MAIN, 02 GPIO ASSIGNMENT (264.16, 154.94).
#16 WARNING(ORCAP-36042): Pin "AGND" is renamed to "AGND#6" as visible power pin of same name already exists in Package CY7C68013A_3 , U6: MAIN, 02 GPIO ASSIGNMENT (264.16, 154.94).
#17 WARNING(ORCAP-36042): Pin "AVCC" is renamed to "AVCC#7" as visible power pin of same name already exists in Package CY7C68013A_3 , U6: MAIN, 02 GPIO ASSIGNMENT (264.16, 154.94).
#18 WARNING(ORCAP-36042): Pin "AGND" is renamed to "AGND#10" as visible power pin of same name already exists in Package CY7C68013A_3 , U6: MAIN, 02 GPIO ASSIGNMENT (264.16, 154.94).
#19 WARNING(ORCAP-36042): Pin "VCC" is renamed to "VCC#11" as visible power pin of same name already exists in Package CY7C68013A_3 , U6: MAIN, 02 GPIO ASSIGNMENT (264.16, 154.94).
#20 WARNING(ORCAP-36042): Pin "GND" is renamed to "GND#12" as visible power pin of same name already exists in Package CY7C68013A_3 , U6: MAIN, 02 GPIO ASSIGNMENT (264.16, 154.94).
#21 WARNING(ORCAP-36042): Pin "VCC" is renamed to "VCC#17" as visible power pin of same name already exists in Package CY7C68013A_3 , U6: MAIN, 02 GPIO ASSIGNMENT (264.16, 154.94).
#22 WARNING(ORCAP-36042): Pin "GND" is renamed to "GND#26" as visible power pin of same name already exists in Package CY7C68013A_3 , U6: MAIN, 02 GPIO ASSIGNMENT (264.16, 154.94).
#23 WARNING(ORCAP-36042): Pin "VCC" is renamed to "VCC#27" as visible power pin of same name already exists in Package CY7C68013A_3 , U6: MAIN, 02 GPIO ASSIGNMENT (264.16, 154.94).
#24 WARNING(ORCAP-36042): Pin "GND" is renamed to "GND#28" as visible power pin of same name already exists in Package CY7C68013A_3 , U6: MAIN, 02 GPIO ASSIGNMENT (264.16, 154.94).
#25 WARNING(ORCAP-36042): Pin "VCC" is renamed to "VCC#32" as visible power pin of same name already exists in Package CY7C68013A_3 , U6: MAIN, 02 GPIO ASSIGNMENT (264.16, 154.94).
#26 WARNING(ORCAP-36042): Pin "VCC" is renamed to "VCC#43" as visible power pin of same name already exists in Package CY7C68013A_3 , U6: MAIN, 02 GPIO ASSIGNMENT (264.16, 154.94).
#27 WARNING(ORCAP-36042): Pin "GND" is renamed to "GND#53" as visible power pin of same name already exists in Package CY7C68013A_3 , U6: MAIN, 02 GPIO ASSIGNMENT (264.16, 154.94).
#28 WARNING(ORCAP-36042): Pin "VCC" is renamed to "VCC#55" as visible power pin of same name already exists in Package CY7C68013A_3 , U6: MAIN, 02 GPIO ASSIGNMENT (264.16, 154.94).
#29 WARNING(ORCAP-36042): Pin "GND" is renamed to "GND#56" as visible power pin of same name already exists in Package CY7C68013A_3 , U6: MAIN, 02 GPIO ASSIGNMENT (264.16, 154.94).
#30 WARNING(ORCAP-36042): Pin "GND" is renamed to "GND#41" as visible power pin of same name already exists in Package CY7C68013A_3 , U6: MAIN, 02 GPIO ASSIGNMENT (264.16, 154.94).
#31 WARNING(ORCAP-36006): Part Name "MSP430F5528IRGC_QFN64-9X9X0R5-4R2X4R2_MSP430F5528IRGC" is renamed to "MSP430F5528IRGC_QFN64-9X9X0R5-4".
#32 WARNING(ORCAP-36006): Part Name "W25Q256FV/BV_SOIC-16_300_W25Q256FV/BV" is renamed to "W25Q256FV/BV_SOIC-16_300_W25Q25".
#33 WARNING(ORCAP-36006): Part Name "XC6SLX16_45_CSG324_XC6SLX16-2CSG324C" is renamed to "XC6SLX16_45_CSG324_XC6SLX16-2CS".
#34 WARNING(ORCAP-36042): Pin "VCCO_0" is renamed to "VCCO_0#B10" as visible power pin of same name already exists in Package XC6SLX16_45A , U9A: MAIN, 04 FPGA BANK0 BANK1 (48.26, 22.86).
#35 WARNING(ORCAP-36042): Pin "VCCO_0" is renamed to "VCCO_0#B15" as visible power pin of same name already exists in Package XC6SLX16_45A , U9A: MAIN, 04 FPGA BANK0 BANK1 (48.26, 22.86).
#36 WARNING(ORCAP-36042): Pin "VCCO_0" is renamed to "VCCO_0#B5" as visible power pin of same name already exists in Package XC6SLX16_45A , U9A: MAIN, 04 FPGA BANK0 BANK1 (48.26, 22.86).
#37 WARNING(ORCAP-36042): Pin "VCCO_0" is renamed to "VCCO_0#D13" as visible power pin of same name already exists in Package XC6SLX16_45A , U9A: MAIN, 04 FPGA BANK0 BANK1 (48.26, 22.86).
#38 WARNING(ORCAP-36042): Pin "VCCO_0" is renamed to "VCCO_0#D7" as visible power pin of same name already exists in Package XC6SLX16_45A , U9A: MAIN, 04 FPGA BANK0 BANK1 (48.26, 22.86).
#39 WARNING(ORCAP-36042): Pin "VCCO_0" is renamed to "VCCO_0#E10" as visible power pin of same name already exists in Package XC6SLX16_45A , U9A: MAIN, 04 FPGA BANK0 BANK1 (48.26, 22.86).
#40 WARNING(ORCAP-36042): Pin "VCCO_1" is renamed to "VCCO_1#E17" as visible power pin of same name already exists in Package XC6SLX16_45B , U9A: MAIN, 04 FPGA BANK0 BANK1 (48.26, 22.86).
#41 WARNING(ORCAP-36042): Pin "VCCO_1" is renamed to "VCCO_1#G15" as visible power pin of same name already exists in Package XC6SLX16_45B , U9A: MAIN, 04 FPGA BANK0 BANK1 (48.26, 22.86).
#42 WARNING(ORCAP-36042): Pin "VCCO_1" is renamed to "VCCO_1#J17" as visible power pin of same name already exists in Package XC6SLX16_45B , U9A: MAIN, 04 FPGA BANK0 BANK1 (48.26, 22.86).
#43 WARNING(ORCAP-36042): Pin "VCCO_1" is renamed to "VCCO_1#J14" as visible power pin of same name already exists in Package XC6SLX16_45B , U9A: MAIN, 04 FPGA BANK0 BANK1 (48.26, 22.86).
#44 WARNING(ORCAP-36042): Pin "VCCO_1" is renamed to "VCCO_1#R17" as visible power pin of same name already exists in Package XC6SLX16_45B , U9A: MAIN, 04 FPGA BANK0 BANK1 (48.26, 22.86).
#45 WARNING(ORCAP-36042): Pin "VCCO_2" is renamed to "VCCO_2#P9" as visible power pin of same name already exists in Package XC6SLX16_45C , U9A: MAIN, 04 FPGA BANK0 BANK1 (48.26, 22.86).
#46 WARNING(ORCAP-36042): Pin "VCCO_2" is renamed to "VCCO_2#R12" as visible power pin of same name already exists in Package XC6SLX16_45C , U9A: MAIN, 04 FPGA BANK0 BANK1 (48.26, 22.86).
#47 WARNING(ORCAP-36042): Pin "VCCO_2" is renamed to "VCCO_2#U14" as visible power pin of same name already exists in Package XC6SLX16_45C , U9A: MAIN, 04 FPGA BANK0 BANK1 (48.26, 22.86).
#48 WARNING(ORCAP-36042): Pin "VCCO_2" is renamed to "VCCO_2#U9" as visible power pin of same name already exists in Package XC6SLX16_45C , U9A: MAIN, 04 FPGA BANK0 BANK1 (48.26, 22.86).
#49 WARNING(ORCAP-36042): Pin "VCCO_2" is renamed to "VCCO_2#U4" as visible power pin of same name already exists in Package XC6SLX16_45C , U9A: MAIN, 04 FPGA BANK0 BANK1 (48.26, 22.86).
#50 WARNING(ORCAP-36042): Pin "VCCO_2" is renamed to "VCCO_2#R6" as visible power pin of same name already exists in Package XC6SLX16_45C , U9A: MAIN, 04 FPGA BANK0 BANK1 (48.26, 22.86).
#51 WARNING(ORCAP-36042): Pin "VCCO_3" is renamed to "VCCO_3#E2" as visible power pin of same name already exists in Package XC6SLX16_45D , U9A: MAIN, 04 FPGA BANK0 BANK1 (48.26, 22.86).
#52 WARNING(ORCAP-36042): Pin "VCCO_3" is renamed to "VCCO_3#G4" as visible power pin of same name already exists in Package XC6SLX16_45D , U9A: MAIN, 04 FPGA BANK0 BANK1 (48.26, 22.86).
#53 WARNING(ORCAP-36042): Pin "VCCO_3" is renamed to "VCCO_3#J2" as visible power pin of same name already exists in Package XC6SLX16_45D , U9A: MAIN, 04 FPGA BANK0 BANK1 (48.26, 22.86).
#54 WARNING(ORCAP-36042): Pin "VCCO_3" is renamed to "VCCO_3#R2" as visible power pin of same name already exists in Package XC6SLX16_45D , U9A: MAIN, 04 FPGA BANK0 BANK1 (48.26, 22.86).
#55 WARNING(ORCAP-36042): Pin "VCCO_3" is renamed to "VCCO_3#M4" as visible power pin of same name already exists in Package XC6SLX16_45D , U9A: MAIN, 04 FPGA BANK0 BANK1 (48.26, 22.86).
#56 WARNING(ORCAP-36042): Pin "VCCO_3" is renamed to "VCCO_3#J5" as visible power pin of same name already exists in Package XC6SLX16_45D , U9A: MAIN, 04 FPGA BANK0 BANK1 (48.26, 22.86).
#57 WARNING(ORCAP-36042): Pin "VCCAUX" is renamed to "VCCAUX#B1" as visible power pin of same name already exists in Package XC6SLX16_45E , U9A: MAIN, 04 FPGA BANK0 BANK1 (48.26, 22.86).
#58 WARNING(ORCAP-36042): Pin "VCCAUX" is renamed to "VCCAUX#B17" as visible power pin of same name already exists in Package XC6SLX16_45E , U9A: MAIN, 04 FPGA BANK0 BANK1 (48.26, 22.86).
#59 WARNING(ORCAP-36042): Pin "VCCAUX" is renamed to "VCCAUX#E14" as visible power pin of same name already exists in Package XC6SLX16_45E , U9A: MAIN, 04 FPGA BANK0 BANK1 (48.26, 22.86).
#60 WARNING(ORCAP-36042): Pin "VCCAUX" is renamed to "VCCAUX#E5" as visible power pin of same name already exists in Package XC6SLX16_45E , U9A: MAIN, 04 FPGA BANK0 BANK1 (48.26, 22.86).
#61 WARNING(ORCAP-36042): Pin "VCCAUX" is renamed to "VCCAUX#E9" as visible power pin of same name already exists in Package XC6SLX16_45E , U9A: MAIN, 04 FPGA BANK0 BANK1 (48.26, 22.86).
#62 WARNING(ORCAP-36042): Pin "VCCAUX" is renamed to "VCCAUX#G10" as visible power pin of same name already exists in Package XC6SLX16_45E , U9A: MAIN, 04 FPGA BANK0 BANK1 (48.26, 22.86).
#63 WARNING(ORCAP-36042): Pin "VCCAUX" is renamed to "VCCAUX#J12" as visible power pin of same name already exists in Package XC6SLX16_45E , U9A: MAIN, 04 FPGA BANK0 BANK1 (48.26, 22.86).
#64 WARNING(ORCAP-36042): Pin "VCCAUX" is renamed to "VCCAUX#K7" as visible power pin of same name already exists in Package XC6SLX16_45E , U9A: MAIN, 04 FPGA BANK0 BANK1 (48.26, 22.86).
#65 WARNING(ORCAP-36042): Pin "VCCAUX" is renamed to "VCCAUX#M9" as visible power pin of same name already exists in Package XC6SLX16_45E , U9A: MAIN, 04 FPGA BANK0 BANK1 (48.26, 22.86).
#66 WARNING(ORCAP-36042): Pin "VCCAUX" is renamed to "VCCAUX#P10" as visible power pin of same name already exists in Package XC6SLX16_45E , U9A: MAIN, 04 FPGA BANK0 BANK1 (48.26, 22.86).
#67 WARNING(ORCAP-36042): Pin "VCCAUX" is renamed to "VCCAUX#P14" as visible power pin of same name already exists in Package XC6SLX16_45E , U9A: MAIN, 04 FPGA BANK0 BANK1 (48.26, 22.86).
#68 WARNING(ORCAP-36042): Pin "VCCAUX" is renamed to "VCCAUX#P5" as visible power pin of same name already exists in Package XC6SLX16_45E , U9A: MAIN, 04 FPGA BANK0 BANK1 (48.26, 22.86).
#69 WARNING(ORCAP-36042): Pin "VCCINT" is renamed to "VCCINT#G7" as visible power pin of same name already exists in Package XC6SLX16_45F , U9A: MAIN, 04 FPGA BANK0 BANK1 (48.26, 22.86).
#70 WARNING(ORCAP-36042): Pin "VCCINT" is renamed to "VCCINT#H11" as visible power pin of same name already exists in Package XC6SLX16_45F , U9A: MAIN, 04 FPGA BANK0 BANK1 (48.26, 22.86).
#71 WARNING(ORCAP-36042): Pin "VCCINT" is renamed to "VCCINT#H9" as visible power pin of same name already exists in Package XC6SLX16_45F , U9A: MAIN, 04 FPGA BANK0 BANK1 (48.26, 22.86).
#72 WARNING(ORCAP-36042): Pin "VCCINT" is renamed to "VCCINT#J10" as visible power pin of same name already exists in Package XC6SLX16_45F , U9A: MAIN, 04 FPGA BANK0 BANK1 (48.26, 22.86).
#73 WARNING(ORCAP-36042): Pin "VCCINT" is renamed to "VCCINT#J8" as visible power pin of same name already exists in Package XC6SLX16_45F , U9A: MAIN, 04 FPGA BANK0 BANK1 (48.26, 22.86).
#74 WARNING(ORCAP-36042): Pin "VCCINT" is renamed to "VCCINT#K11" as visible power pin of same name already exists in Package XC6SLX16_45F , U9A: MAIN, 04 FPGA BANK0 BANK1 (48.26, 22.86).
#75 WARNING(ORCAP-36042): Pin "VCCINT" is renamed to "VCCINT#K9" as visible power pin of same name already exists in Package XC6SLX16_45F , U9A: MAIN, 04 FPGA BANK0 BANK1 (48.26, 22.86).
#76 WARNING(ORCAP-36042): Pin "VCCINT" is renamed to "VCCINT#L10" as visible power pin of same name already exists in Package XC6SLX16_45F , U9A: MAIN, 04 FPGA BANK0 BANK1 (48.26, 22.86).
#77 WARNING(ORCAP-36042): Pin "VCCINT" is renamed to "VCCINT#L8" as visible power pin of same name already exists in Package XC6SLX16_45F , U9A: MAIN, 04 FPGA BANK0 BANK1 (48.26, 22.86).
#78 WARNING(ORCAP-36042): Pin "VCCINT" is renamed to "VCCINT#M12" as visible power pin of same name already exists in Package XC6SLX16_45F , U9A: MAIN, 04 FPGA BANK0 BANK1 (48.26, 22.86).
#79 WARNING(ORCAP-36042): Pin "VCCINT" is renamed to "VCCINT#M7" as visible power pin of same name already exists in Package XC6SLX16_45F , U9A: MAIN, 04 FPGA BANK0 BANK1 (48.26, 22.86).
#80 WARNING(ORCAP-36042): Pin "GND" is renamed to "GND#A1" as visible power pin of same name already exists in Package XC6SLX16_45G , U9A: MAIN, 04 FPGA BANK0 BANK1 (48.26, 22.86).
#81 WARNING(ORCAP-36042): Pin "GND" is renamed to "GND#A18" as visible power pin of same name already exists in Package XC6SLX16_45G , U9A: MAIN, 04 FPGA BANK0 BANK1 (48.26, 22.86).
#82 WARNING(ORCAP-36042): Pin "GND" is renamed to "GND#B13" as visible power pin of same name already exists in Package XC6SLX16_45G , U9A: MAIN, 04 FPGA BANK0 BANK1 (48.26, 22.86).
#83 WARNING(ORCAP-36042): Pin "GND" is renamed to "GND#B7" as visible power pin of same name already exists in Package XC6SLX16_45G , U9A: MAIN, 04 FPGA BANK0 BANK1 (48.26, 22.86).
#84 WARNING(ORCAP-36042): Pin "GND" is renamed to "GND#C16" as visible power pin of same name already exists in Package XC6SLX16_45G , U9A: MAIN, 04 FPGA BANK0 BANK1 (48.26, 22.86).
#85 WARNING(ORCAP-36042): Pin "GND" is renamed to "GND#C3" as visible power pin of same name already exists in Package XC6SLX16_45G , U9A: MAIN, 04 FPGA BANK0 BANK1 (48.26, 22.86).
#86 WARNING(ORCAP-36042): Pin "GND" is renamed to "GND#D10" as visible power pin of same name already exists in Package XC6SLX16_45G , U9A: MAIN, 04 FPGA BANK0 BANK1 (48.26, 22.86).
#87 WARNING(ORCAP-36042): Pin "GND" is renamed to "GND#D5" as visible power pin of same name already exists in Package XC6SLX16_45G , U9A: MAIN, 04 FPGA BANK0 BANK1 (48.26, 22.86).
#88 WARNING(ORCAP-36042): Pin "GND" is renamed to "GND#E15" as visible power pin of same name already exists in Package XC6SLX16_45G , U9A: MAIN, 04 FPGA BANK0 BANK1 (48.26, 22.86).
#89 WARNING(ORCAP-36042): Pin "GND" is renamed to "GND#G12" as visible power pin of same name already exists in Package XC6SLX16_45G , U9A: MAIN, 04 FPGA BANK0 BANK1 (48.26, 22.86).
#90 WARNING(ORCAP-36042): Pin "GND" is renamed to "GND#G17" as visible power pin of same name already exists in Package XC6SLX16_45G , U9A: MAIN, 04 FPGA BANK0 BANK1 (48.26, 22.86).
#91 WARNING(ORCAP-36042): Pin "GND" is renamed to "GND#G2" as visible power pin of same name already exists in Package XC6SLX16_45G , U9A: MAIN, 04 FPGA BANK0 BANK1 (48.26, 22.86).
#92 WARNING(ORCAP-36042): Pin "GND" is renamed to "GND#G5" as visible power pin of same name already exists in Package XC6SLX16_45G , U9A: MAIN, 04 FPGA BANK0 BANK1 (48.26, 22.86).
#93 WARNING(ORCAP-36042): Pin "GND" is renamed to "GND#H10" as visible power pin of same name already exists in Package XC6SLX16_45G , U9A: MAIN, 04 FPGA BANK0 BANK1 (48.26, 22.86).
#94 WARNING(ORCAP-36042): Pin "GND" is renamed to "GND#H8" as visible power pin of same name already exists in Package XC6SLX16_45G , U9A: MAIN, 04 FPGA BANK0 BANK1 (48.26, 22.86).
#95 WARNING(ORCAP-36042): Pin "GND" is renamed to "GND#J11" as visible power pin of same name already exists in Package XC6SLX16_45G , U9A: MAIN, 04 FPGA BANK0 BANK1 (48.26, 22.86).
#96 WARNING(ORCAP-36042): Pin "GND" is renamed to "GND#J15" as visible power pin of same name already exists in Package XC6SLX16_45G , U9A: MAIN, 04 FPGA BANK0 BANK1 (48.26, 22.86).
#97 WARNING(ORCAP-36042): Pin "GND" is renamed to "GND#J4" as visible power pin of same name already exists in Package XC6SLX16_45G , U9A: MAIN, 04 FPGA BANK0 BANK1 (48.26, 22.86).
#98 WARNING(ORCAP-36042): Pin "GND" is renamed to "GND#J9" as visible power pin of same name already exists in Package XC6SLX16_45G , U9A: MAIN, 04 FPGA BANK0 BANK1 (48.26, 22.86).
#99 WARNING(ORCAP-36042): Pin "GND" is renamed to "GND#K10" as visible power pin of same name already exists in Package XC6SLX16_45G , U9A: MAIN, 04 FPGA BANK0 BANK1 (48.26, 22.86).
#100 WARNING(ORCAP-36042): Pin "GND" is renamed to "GND#K8" as visible power pin of same name already exists in Package XC6SLX16_45G , U9A: MAIN, 04 FPGA BANK0 BANK1 (48.26, 22.86).
#101 WARNING(ORCAP-36042): Pin "GND" is renamed to "GND#L11" as visible power pin of same name already exists in Package XC6SLX16_45G , U9A: MAIN, 04 FPGA BANK0 BANK1 (48.26, 22.86).
#102 WARNING(ORCAP-36042): Pin "GND" is renamed to "GND#L9" as visible power pin of same name already exists in Package XC6SLX16_45G , U9A: MAIN, 04 FPGA BANK0 BANK1 (48.26, 22.86).
#103 WARNING(ORCAP-36042): Pin "GND" is renamed to "GND#M17" as visible power pin of same name already exists in Package XC6SLX16_45G , U9A: MAIN, 04 FPGA BANK0 BANK1 (48.26, 22.86).
#104 WARNING(ORCAP-36042): Pin "GND" is renamed to "GND#M2" as visible power pin of same name already exists in Package XC6SLX16_45G , U9A: MAIN, 04 FPGA BANK0 BANK1 (48.26, 22.86).
#105 WARNING(ORCAP-36042): Pin "GND" is renamed to "GND#M6" as visible power pin of same name already exists in Package XC6SLX16_45G , U9A: MAIN, 04 FPGA BANK0 BANK1 (48.26, 22.86).
#106 WARNING(ORCAP-36042): Pin "GND" is renamed to "GND#N13" as visible power pin of same name already exists in Package XC6SLX16_45G , U9A: MAIN, 04 FPGA BANK0 BANK1 (48.26, 22.86).
#107 WARNING(ORCAP-36042): Pin "GND" is renamed to "GND#R1" as visible power pin of same name already exists in Package XC6SLX16_45G , U9A: MAIN, 04 FPGA BANK0 BANK1 (48.26, 22.86).
#108 WARNING(ORCAP-36042): Pin "GND" is renamed to "GND#R14" as visible power pin of same name already exists in Package XC6SLX16_45G , U9A: MAIN, 04 FPGA BANK0 BANK1 (48.26, 22.86).
#109 WARNING(ORCAP-36042): Pin "GND" is renamed to "GND#R18" as visible power pin of same name already exists in Package XC6SLX16_45G , U9A: MAIN, 04 FPGA BANK0 BANK1 (48.26, 22.86).
#110 WARNING(ORCAP-36042): Pin "GND" is renamed to "GND#R4" as visible power pin of same name already exists in Package XC6SLX16_45G , U9A: MAIN, 04 FPGA BANK0 BANK1 (48.26, 22.86).
#111 WARNING(ORCAP-36042): Pin "GND" is renamed to "GND#R9" as visible power pin of same name already exists in Package XC6SLX16_45G , U9A: MAIN, 04 FPGA BANK0 BANK1 (48.26, 22.86).
#112 WARNING(ORCAP-36042): Pin "GND" is renamed to "GND#T16" as visible power pin of same name already exists in Package XC6SLX16_45G , U9A: MAIN, 04 FPGA BANK0 BANK1 (48.26, 22.86).
#113 WARNING(ORCAP-36042): Pin "GND" is renamed to "GND#U12" as visible power pin of same name already exists in Package XC6SLX16_45G , U9A: MAIN, 04 FPGA BANK0 BANK1 (48.26, 22.86).
#114 WARNING(ORCAP-36042): Pin "GND" is renamed to "GND#U6" as visible power pin of same name already exists in Package XC6SLX16_45G , U9A: MAIN, 04 FPGA BANK0 BANK1 (48.26, 22.86).
#115 WARNING(ORCAP-36042): Pin "GND" is renamed to "GND#V1" as visible power pin of same name already exists in Package XC6SLX16_45G , U9A: MAIN, 04 FPGA BANK0 BANK1 (48.26, 22.86).
#116 WARNING(ORCAP-36042): Pin "GND" is renamed to "GND#V18" as visible power pin of same name already exists in Package XC6SLX16_45G , U9A: MAIN, 04 FPGA BANK0 BANK1 (48.26, 22.86).
#117 WARNING(ORCAP-36006): Part Name "TYPE-C_16P_USB_TYPE-C_16P_USB_TYPE-C_16P" is renamed to "TYPE-C_16P_USB_TYPE-C_16P_USB_T".
#118 WARNING(ORCAP-36006): Part Name "XTAL_5032_0_X-2P-3R2X1R5-SMD_XTAL_32768HZ_3215" is renamed to "XTAL_5032_0_X-2P-3R2X1R5-SMD_XT".
#119 WARNING(ORCAP-36006): Part Name "TSX-3225_X-4P-3R2X2R5-SMD_X322525MSB4SI" is renamed to "TSX-3225_X-4P-3R2X2R5-SMD_X3225".
#120 WARNING(ORCAP-36006): Part Name "TSX-3225_X-4P-5R0X3R2-SMD_X322525MSB4SI" is renamed to "TSX-3225_X-4P-5R0X3R2-SMD_X3225".
#121 WARNING(ORCAP-36006): Part Name "TSX-3225_X-4P-7R0X5R0-SMD_X322525MSB4SI" is renamed to "TSX-3225_X-4P-7R0X5R0-SMD_X3225".
INFO(ORCAP-36080): Scanning netlist files ...

Loading... H:\WithRuler\HARDWARE\WITHRULER_V10A\SCH\allegro/pstchip.dat

Loading... H:\WithRuler\HARDWARE\WITHRULER_V10A\SCH\allegro/pstchip.dat

Loading... H:\WithRuler\HARDWARE\WITHRULER_V10A\SCH\allegro/pstxprt.dat

Loading... H:\WithRuler\HARDWARE\WITHRULER_V10A\SCH\allegro/pstxnet.dat
packaging the design view...